<?xml version="1.0" encoding="UTF-8"?>
<testng-results ignored="0" total="1" passed="1" failed="0" skipped="0">
  <reporter-output>
  </reporter-output>
  <suite started-at="2022-07-04T10:31:41 IST" name="Default suite" finished-at="2022-07-04T10:32:04 IST" duration-ms="23420">
    <groups>
    </groups>
    <test started-at="2022-07-04T10:31:41 IST" name="Default test" finished-at="2022-07-04T10:32:04 IST" duration-ms="23420">
      <class name="Console_Errors.JS_only_Console_errors">
        <test-method is-config="true" signature="Setup()[pri:0, instance:Console_Errors.JS_only_Console_errors@5c30a9b0]" started-at="2022-07-04T10:31:41 IST" name="Setup" finished-at="2022-07-04T10:32:03 IST" duration-ms="22097" status="PASS">
          <reporter-output>
          </reporter-output>
        </test-method> <!-- Setup -->
        <test-method signature="test()[pri:0, instance:Console_Errors.JS_only_Console_errors@5c30a9b0]" started-at="2022-07-04T10:32:03 IST" name="test" finished-at="2022-07-04T10:32:03 IST" duration-ms="252" status="PASS">
          <reporter-output>
          </reporter-output>
        </test-method> <!-- test -->
        <test-method is-config="true" signature="quit()[pri:0, instance:Console_Errors.JS_only_Console_errors@5c30a9b0]" started-at="2022-07-04T10:32:03 IST" name="quit" finished-at="2022-07-04T10:32:04 IST" duration-ms="716" status="PASS">
          <reporter-output>
          </reporter-output>
        </test-method> <!-- quit -->
      </class> <!-- Console_Errors.JS_only_Console_errors -->
    </test> <!-- Default test -->
  </suite> <!-- Default suite -->
</testng-results>
