<?xml version="1.0" encoding="UTF-8"?>
<testng-results ignored="0" total="1" passed="1" failed="0" skipped="0">
  <reporter-output>
  </reporter-output>
  <suite started-at="2022-06-30T07:50:38 IST" name="Default suite" finished-at="2022-06-30T07:52:59 IST" duration-ms="140490">
    <groups>
    </groups>
    <test started-at="2022-06-30T07:50:38 IST" name="Default test" finished-at="2022-06-30T07:52:59 IST" duration-ms="140490">
      <class name="Broken_Links_findout.PageNotFound_URL">
        <test-method is-config="true" signature="Setup()[pri:0, instance:Broken_Links_findout.PageNotFound_URL@5c30a9b0]" started-at="2022-06-30T07:50:38 IST" name="Setup" finished-at="2022-06-30T07:50:51 IST" duration-ms="12884" status="PASS">
          <reporter-output>
          </reporter-output>
        </test-method> <!-- Setup -->
        <test-method signature="test()[pri:0, instance:Broken_Links_findout.PageNotFound_URL@5c30a9b0]" started-at="2022-06-30T07:50:51 IST" name="test" finished-at="2022-06-30T07:52:56 IST" duration-ms="124537" status="PASS">
          <reporter-output>
          </reporter-output>
        </test-method> <!-- test -->
        <test-method is-config="true" signature="quit()[pri:0, instance:Broken_Links_findout.PageNotFound_URL@5c30a9b0]" started-at="2022-06-30T07:52:56 IST" name="quit" finished-at="2022-06-30T07:52:59 IST" duration-ms="2980" status="PASS">
          <reporter-output>
          </reporter-output>
        </test-method> <!-- quit -->
      </class> <!-- Broken_Links_findout.PageNotFound_URL -->
    </test> <!-- Default test -->
  </suite> <!-- Default suite -->
</testng-results>
